<?xml version="1.0" encoding="UTF-8"?>
<testng-results skipped="0" failed="0" ignored="0" total="1" passed="1">
  <reporter-output>
  </reporter-output>
  <suite name="Default suite" duration-ms="179961" started-at="2018-10-17T08:56:46Z" finished-at="2018-10-17T08:59:46Z">
    <groups>
    </groups>
    <test name="Default test" duration-ms="179961" started-at="2018-10-17T08:56:46Z" finished-at="2018-10-17T08:59:46Z">
      <class name="com.selenium.automationScripts.Remedy_CreateWO">
        <test-method status="PASS" signature="beforeTest()[pri:0, instance:com.selenium.automationScripts.Remedy_CreateWO@e720b71]" name="beforeTest" is-config="true" duration-ms="30" started-at="2018-10-17T08:56:46Z" finished-at="2018-10-17T08:56:46Z">
          <reporter-output>
          </reporter-output>
        </test-method> <!-- beforeTest -->
        <test-method status="PASS" signature="beforeMethod()[pri:0, instance:com.selenium.automationScripts.Remedy_CreateWO@e720b71]" name="beforeMethod" is-config="true" duration-ms="4635" started-at="2018-10-17T08:56:46Z" finished-at="2018-10-17T08:56:50Z">
          <reporter-output>
          </reporter-output>
        </test-method> <!-- beforeMethod -->
        <test-method status="PASS" signature="test_01()[pri:0, instance:com.selenium.automationScripts.Remedy_CreateWO@e720b71]" name="test_01" duration-ms="175286" started-at="2018-10-17T08:56:50Z" finished-at="2018-10-17T08:59:46Z">
          <reporter-output>
          </reporter-output>
        </test-method> <!-- test_01 -->
        <test-method status="PASS" signature="afterMethod()[pri:0, instance:com.selenium.automationScripts.Remedy_CreateWO@e720b71]" name="afterMethod" is-config="true" duration-ms="0" started-at="2018-10-17T08:59:46Z" finished-at="2018-10-17T08:59:46Z">
          <reporter-output>
          </reporter-output>
        </test-method> <!-- afterMethod -->
      </class> <!-- com.selenium.automationScripts.Remedy_CreateWO -->
    </test> <!-- Default test -->
  </suite> <!-- Default suite -->
</testng-results>
