<?xml version="1.0" encoding="UTF-8"?>
<!-- Generated by org.testng.reporters.JUnitXMLReporter -->
<testsuite hostname="PUNITP348718D" ignored="0" name="Test" tests="5" failures="0" timestamp="19 Jul 2018 06:57:38 GMT" time="111.973" errors="0">
  <testcase name="test_01" time="21.648" classname="SeleniumDemoNew.SeleniumDemoNew.MavenDemoTest_03"/>
  <testcase name="test_02" time="21.833" classname="SeleniumDemoNew.SeleniumDemoNew.MavenDemoTest_03"/>
  <testcase name="test_01" time="22.877" classname="SeleniumDemoNew.SeleniumDemoNew.MavenDemoTest_02"/>
  <testcase name="test_02" time="21.938" classname="SeleniumDemoNew.SeleniumDemoNew.MavenDemoTest_02"/>
  <testcase name="test" time="23.63" classname="SeleniumDemoNew.SeleniumDemoNew.MavenDemoTest_01"/>
</testsuite> <!-- Test -->
